[05-Feb-2018 16:34:37 UTC] PHP Fatal error:  Class 'AppBundle\Controller\Formations' not found in /home/ubuntu/workspace/src/AppBundle/Controller/DefaultController.php on line 30
[05-Feb-2018 16:34:37 UTC] PHP Stack trace:
[05-Feb-2018 16:34:37 UTC] PHP   1. {main}() /home/ubuntu/workspace/web/app_dev.php:0
[05-Feb-2018 16:34:37 UTC] PHP   2. Symfony\Component\HttpKernel\Kernel->handle() /home/ubuntu/workspace/web/app_dev.php:29
[05-Feb-2018 16:34:37 UTC] PHP   3. Symfony\Component\HttpKernel\HttpKernel->handle() /home/ubuntu/workspace/vendor/symfony/symfony/src/Symfony/Component/HttpKernel/Kernel.php:202
[05-Feb-2018 16:34:37 UTC] PHP   4. Symfony\Component\HttpKernel\HttpKernel->handleRaw() /home/ubuntu/workspace/var/cache/dev/classes.php:4282
[05-Feb-2018 16:34:37 UTC] PHP   5. call_user_func_array:{/home/ubuntu/workspace/var/cache/dev/classes.php:4327}() /home/ubuntu/workspace/var/cache/dev/classes.php:4327
[05-Feb-2018 16:34:37 UTC] PHP   6. AppBundle\Controller\DefaultController->insertAction() /home/ubuntu/workspace/var/cache/dev/classes.php:4327
[05-Feb-2018 16:39:16 UTC] PHP Fatal error:  Class 'AppBundle\Controller\Formations' not found in /home/ubuntu/workspace/src/AppBundle/Controller/DefaultController.php on line 30
[05-Feb-2018 16:39:16 UTC] PHP Stack trace:
[05-Feb-2018 16:39:16 UTC] PHP   1. {main}() /home/ubuntu/workspace/web/app_dev.php:0
[05-Feb-2018 16:39:16 UTC] PHP   2. Symfony\Component\HttpKernel\Kernel->handle() /home/ubuntu/workspace/web/app_dev.php:29
[05-Feb-2018 16:39:16 UTC] PHP   3. Symfony\Component\HttpKernel\HttpKernel->handle() /home/ubuntu/workspace/vendor/symfony/symfony/src/Symfony/Component/HttpKernel/Kernel.php:202
[05-Feb-2018 16:39:16 UTC] PHP   4. Symfony\Component\HttpKernel\HttpKernel->handleRaw() /home/ubuntu/workspace/var/cache/dev/classes.php:4282
[05-Feb-2018 16:39:16 UTC] PHP   5. call_user_func_array:{/home/ubuntu/workspace/var/cache/dev/classes.php:4327}() /home/ubuntu/workspace/var/cache/dev/classes.php:4327
[05-Feb-2018 16:39:16 UTC] PHP   6. AppBundle\Controller\DefaultController->insertAction() /home/ubuntu/workspace/var/cache/dev/classes.php:4327
[26-Mar-2018 13:00:44 UTC] PHP Warning:  Uncaught Symfony\Component\Debug\Exception\ContextErrorException: Warning: require(/home/ubuntu/workspace/var/cache/dev/ContainerJy54tnz/getCacheWarmerService.php): failed to open stream: No such file or directory in /home/ubuntu/workspace/var/cache/dev/ContainerJy54tnz/appDevDebugProjectContainer.php:813
Stack trace:
#0 /home/ubuntu/workspace/var/cache/dev/ContainerJy54tnz/appDevDebugProjectContainer.php(813): require()
#1 /home/ubuntu/workspace/vendor/symfony/symfony/src/Symfony/Component/DependencyInjection/Container.php(297): ContainerJy54tnz\appDevDebugProjectContainer->load('/home/ubuntu/wo...')
#2 /home/ubuntu/workspace/vendor/symfony/symfony/src/Symfony/Component/HttpKernel/Kernel.php(673): Symfony\Component\DependencyInjection\Container->get('cache_warmer')
#3 /home/ubuntu/workspace/vendor/symfony/symfony/src/Symfony/Component/HttpKernel/Kernel.php(137): Symfony\Component\HttpKernel\Kernel->initializeContainer()
#4 /home/ubuntu/workspace/vendor/symfony/symfony/src/Symfony/Component/HttpKernel/Kernel. in /home/ubuntu/workspace/var/cache/dev/ContainerJy54tnz/appDevDebugProjectContainer.php on line 813
[26-Mar-2018 13:00:44 UTC] PHP Fatal error:  ContainerJy54tnz\appDevDebugProjectContainer::load(): Failed opening required '/home/ubuntu/workspace/var/cache/dev/ContainerJy54tnz/getCacheWarmerService.php' (include_path='.:/usr/share/php') in /home/ubuntu/workspace/var/cache/dev/ContainerJy54tnz/appDevDebugProjectContainer.php on line 813
[26-Mar-2018 13:00:48 UTC] PHP Warning:  include(/home/ubuntu/workspace/var/cache/dev/ContainerJy54tnz/appDevDebugProjectContainer.php): failed to open stream: No such file or directory in /home/ubuntu/workspace/var/cache/dev/appDevDebugProjectContainer.php on line 7
[26-Mar-2018 13:00:48 UTC] PHP Warning:  include(): Failed opening '/home/ubuntu/workspace/var/cache/dev/ContainerJy54tnz/appDevDebugProjectContainer.php' for inclusion (include_path='.:/usr/share/php') in /home/ubuntu/workspace/var/cache/dev/appDevDebugProjectContainer.php on line 7
